<?xml version="1.0" encoding="UTF-8"?>
<testsuite xmlns:xsi="http://www.w3.org/2001/XMLSchema-instance" xsi:noNamespaceSchemaLocation="https://maven.apache.org/surefire/maven-surefire-plugin/xsd/surefire-test-report.xsd" name="edu.udacity.java.nano.chat.WebSocketChatApplicationTest" time="85.411" tests="3" errors="0" skipped="0" failures="0">
  <properties>
[...]
</properties>
  <testcase name="doChat" classname="edu.udacity.java.nano.chat.WebSocketChatApplicationTest" time="63.511"/>
  <testcase name="doLoginComplete" classname="edu.udacity.java.nano.chat.WebSocketChatApplicationTest" time="16.04"/>
  <testcase name="doLoginScreen" classname="edu.udacity.java.nano.chat.WebSocketChatApplicationTest" time="3.51"/>
</testsuite>